"../../../Engine/Content/Animation/DefaultAnimCurveCompressionSettings.uasset" 0
"../../../Engine/Content/Functions/Engine_MaterialFunctions01/Opacity/CameraDepthFade.uasset" 1
"../../../Engine/Content/EngineMaterials/T_Default_Material_Grid_M.uasset" 2
"../../../Engine/Content/EngineMaterials/T_Default_Material_Grid_N.uasset" 3
"../../../Engine/Content/EngineMaterials/WorldGridMaterial.uasset" 4
"../../../Engine/Content/ArtTools/RenderToTexture/Meshes/S_1_Unit_Plane.uasset" 5
"../../../Engine/Content/EngineMaterials/DefaultMaterial.uasset" 6
"../../../Engine/Content/BasicShapes/Cone.uasset" 7
"../../../Engine/Content/BasicShapes/Cube.uasset" 8
"../../../Engine/Content/BasicShapes/Cylinder.uasset" 9
"../../../Engine/Content/BasicShapes/Sphere.uasset" 10
"../../../Engine/Content/EngineMaterials/DefaultPhysicalMaterial.uasset" 11
"../../../Engine/Content/BufferVisualization/AmbientOcclusion.uasset" 12
"../../../Engine/Content/BufferVisualization/BaseColor.uasset" 13
"../../../Engine/Content/BufferVisualization/CustomDepth.uasset" 14
"../../../Engine/Content/Functions/Engine_MaterialFunctions02/Utility/VectorLength.uasset" 15
"../../../Engine/Content/BufferVisualization/CustomDepthWorldUnits.uasset" 16
"../../../Engine/Content/Functions/Engine_MaterialFunctions02/Utility/BreakOutFloat2Components.uasset" 17
"../../../Engine/Content/Functions/Engine_MaterialFunctions01/Texturing/ScaleUVsByCenter.uasset" 18
"../../../Engine/Content/Functions/Engine_MaterialFunctions02/ScreenResolution.uasset" 19
"../../../Engine/Content/Functions/Engine_MaterialFunctions02/Texturing/ScreenAlignedUVs.uasset" 20
"../../../Engine/Content/Functions/Engine_MaterialFunctions02/Utility/MakeFloat2.uasset" 21
"../../../Engine/Content/Functions/Engine_MaterialFunctions02/Utility/MakeFloat3.uasset" 22
"../../../Engine/Content/EngineMaterials/MiniFont.uasset" 23
"../../../Engine/Content/BufferVisualization/CustomStencil.uasset" 24
"../../../Engine/Content/BufferVisualization/FinalImage.uasset" 25
"../../../Engine/Content/BufferVisualization/LightingModel.uasset" 26
"../../../Engine/Content/BufferVisualization/MaterialAO.uasset" 27
"../../../Engine/Content/BufferVisualization/Metallic.uasset" 28
"../../../Engine/Content/BufferVisualization/Opacity.uasset" 29
"../../../Engine/Content/BufferVisualization/PostTonemapHDRColor.uasset" 30
"../../../Engine/Content/BufferVisualization/PreTonemapHDRColor.uasset" 31
"../../../Engine/Content/BufferVisualization/Roughness.uasset" 32
"../../../Engine/Content/BufferVisualization/SceneColor.uasset" 33
"../../../Engine/Content/BufferVisualization/SceneDepth.uasset" 34
"../../../Engine/Content/BufferVisualization/SceneDepthWorldUnits.uasset" 35
"../../../Engine/Content/BufferVisualization/SeparateTranslucencyA.uasset" 36
"../../../Engine/Content/BufferVisualization/SeparateTranslucencyRGB.uasset" 37
"../../../Engine/Content/BufferVisualization/Specular.uasset" 38
"../../../Engine/Content/BufferVisualization/SubsurfaceColor.uasset" 39
"../../../Engine/Content/BufferVisualization/Velocity.uasset" 40
"../../../Engine/Content/BufferVisualization/WorldNormal.uasset" 41
"../../../Engine/Content/EditorLandscapeResources/DataLayer.uasset" 42
"../../../Engine/Content/EditorLandscapeResources/DefaultAlphaTexture.uasset" 43
"../../../Engine/Content/EditorLandscapeResources/LandscapeGizmoHeight_Mat.uasset" 44
"../../../Engine/Content/EditorLandscapeResources/LandscapeGizmo_Mat.uasset" 45
"../../../Engine/Content/EditorLandscapeResources/LandscapeGizmo_Mat_Copied.uasset" 46
"../../../Engine/Content/EditorLandscapeResources/SplineEditorMeshMat.uasset" 47
"../../../Engine/Content/EditorLandscapeResources/SplineEditorMesh.uasset" 48
"../../../Engine/Content/EditorMaterials/Cross.uasset" 49
"../../../Engine/Content/EditorMaterials/Cross_Mat.uasset" 50
"../../../Engine/Content/EditorMaterials/GizmoMaterial.uasset" 51
"../../../Engine/Content/Functions/Engine_MaterialFunctions02/ExampleContent/Textures/flipbook.uasset" 52
"../../../Engine/Content/Functions/Engine_MaterialFunctions02/Texturing/FlipBook.uasset" 53
"../../../Engine/Content/Functions/Engine_MaterialFunctions02/Utility/Sign.uasset" 54
"../../../Engine/Content/Functions/Engine_MaterialFunctions02/Utility/Round.uasset" 55
"../../../Engine/Content/EditorResources/T_EditorHelp.uasset" 56
"../../../Engine/Content/EditorMaterials/HelpActorMaterial.uasset" 57
"../../../Engine/Content/EditorMaterials/CompositeARGBLayer.uasset" 58
"../../../Engine/Content/EditorMaterials/TilingAALineIntegral.uasset" 59
"../../../Engine/Content/EditorMaterials/TilingAALineBoxFiltered.uasset" 60
"../../../Engine/Content/Functions/Engine_MaterialFunctions03/Procedurals/ComputeFilterWidth.uasset" 61
"../../../Engine/Content/EditorMaterials/TilingAADots.uasset" 62
"../../../Engine/Content/EngineMaterials/BlendFunc_DefBase.uasset" 63
"../../../Engine/Content/EngineMaterials/BlendFunc_DefBlend.uasset" 64
"../../../Engine/Content/Functions/Engine_MaterialFunctions03/Blends/Blend_Screen.uasset" 65
"../../../Engine/Content/EditorMaterials/TilingAAGrid.uasset" 66
"../../../Engine/Content/EditorMaterials/LevelGridMaterial.uasset" 67
"../../../Engine/Content/EditorMaterials/MakeCompositeARGBLayer.uasset" 68
"../../../Engine/Content/EditorResources/LevelGrid1DStripes.uasset" 69
"../../../Engine/Content/EditorMaterials/TextureGridCascaded1D.uasset" 70
"../../../Engine/Content/EditorMaterials/TextureGridCascaded2D.uasset" 71
"../../../Engine/Content/EditorMaterials/LevelGridMaterial2.uasset" 72
"../../../Engine/Content/EditorMaterials/MAT_Groups_Toggle.uasset" 73
"../../../Engine/Content/EditorMaterials/MAT_Groups_Visibility.uasset" 74
"../../../Engine/Content/EditorMaterials/PhAT_BoneSelectedMaterial.uasset" 75
"../../../Engine/Content/EditorMaterials/PhAT_ElemSelectedMaterial.uasset" 76
"../../../Engine/Content/EditorMaterials/PhAT_NoCollisionMaterial.uasset" 77
"../../../Engine/Content/EditorMaterials/PhAT_UnselectedMaterial.uasset" 78
"../../../Engine/Content/EditorMaterials/PreviewShadowIndicator.uasset" 79
"../../../Engine/Content/EditorMaterials/PreviewShadowIndicatorMaterial.uasset" 80
"../../../Engine/Content/EditorMaterials/TargetIcon.uasset" 81
"../../../Engine/Content/EditorMaterials/Tick.uasset" 82
"../../../Engine/Content/EditorMaterials/Tick_Mat.uasset" 83
"../../../Engine/Content/EditorMaterials/WidgetGridVertexColorMaterial.uasset" 84
"../../../Engine/Content/EditorMaterials/WidgetGridVertexColorMaterial_Ma.uasset" 85
"../../../Engine/Content/EditorMaterials/WidgetMaterial.uasset" 86
"../../../Engine/Content/EditorMaterials/WidgetMaterial_Current.uasset" 87
"../../../Engine/Content/EditorMaterials/WidgetMaterial_X.uasset" 88
"../../../Engine/Content/EditorMaterials/WidgetMaterial_Y.uasset" 89
"../../../Engine/Content/EditorMaterials/WidgetMaterial_Z.uasset" 90
"../../../Engine/Content/EditorMaterials/WidgetVertexColorMaterial.uasset" 91
"../../../Engine/Content/EditorMaterials/Cascade/CASC_Cross.uasset" 92
"../../../Engine/Content/EditorMaterials/Cascade/CASC_CurveEd.uasset" 93
"../../../Engine/Content/EditorMaterials/Cascade/CASC_DisabledModule.uasset" 94
"../../../Engine/Content/EditorMaterials/Cascade/CASC_Lights.uasset" 95
"../../../Engine/Content/EditorMaterials/Cascade/CASC_ModuleDisable.uasset" 96
"../../../Engine/Content/EditorMaterials/Cascade/CASC_ModuleEnable.uasset" 97
"../../../Engine/Content/EditorMaterials/Cascade/CASC_None.uasset" 98
"../../../Engine/Content/EditorMaterials/Cascade/CASC_Normal.uasset" 99
"../../../Engine/Content/EditorMaterials/Cascade/CASC_Point.uasset" 100
"../../../Engine/Content/EditorMaterials/Cascade/CASC_Solo_Off.uasset" 101
"../../../Engine/Content/EditorMaterials/Cascade/CASC_Solo_On.uasset" 102
"../../../Engine/Content/EditorMaterials/MatineeGroups/MAT_ColorTrack.uasset" 103
"../../../Engine/Content/EditorMaterials/MatineeGroups/MAT_Groups_Anim.uasset" 104
"../../../Engine/Content/EditorMaterials/MatineeGroups/MAT_Groups_AudioMaster.uasset" 105
"../../../Engine/Content/EditorMaterials/MatineeGroups/MAT_Groups_Director.uasset" 106
"../../../Engine/Content/EditorMaterials/MatineeGroups/MAT_Groups_Event.uasset" 107
"../../../Engine/Content/EditorMaterials/MatineeGroups/MAT_Groups_Fade.uasset" 108
"../../../Engine/Content/EditorMaterials/MatineeGroups/MAT_Groups_Float.uasset" 109
"../../../Engine/Content/EditorMaterials/MatineeGroups/MAT_Groups_Move.uasset" 110
"../../../Engine/Content/EditorMaterials/MatineeGroups/MAT_Groups_Slomo.uasset" 111
"../../../Engine/Content/EditorMaterials/MatineeGroups/MAT_Groups_Sound.uasset" 112
"../../../Engine/Content/EditorMaterials/MatineeGroups/MAT_Groups_Vector.uasset" 113
"../../../Engine/Content/EditorMaterials/ParticleSystems/PSysThumbnail_NoImage.uasset" 114
"../../../Engine/Content/EditorMaterials/ParticleSystems/PSysThumbnail_OOD.uasset" 115
"../../../Engine/Content/EngineMaterials/Grid.uasset" 116
"../../../Engine/Content/EditorMaterials/Thumbnails/FloorPlaneMaterial.uasset" 117
"../../../Engine/Content/EditorMeshes/AnimTreeEd_PreviewFloor.uasset" 118
"../../../Engine/Content/EditorMeshes/EditorCube.uasset" 119
"../../../Engine/Content/EditorMeshes/EditorCylinder.uasset" 120
"../../../Engine/Content/EditorMeshes/EditorPlane.uasset" 121
"../../../Engine/Content/EditorMaterials/Thumbnails/SkySphereMaterial.uasset" 122
"../../../Engine/Content/EditorMeshes/EditorSkySphere.uasset" 123
"../../../Engine/Content/EditorMeshes/EditorSphere.uasset" 124
"../../../Engine/Content/EditorResources/MatineeCam_D.uasset" 125
"../../../Engine/Content/EditorMaterials/MatineeCam_mat.uasset" 126
"../../../Engine/Content/EditorMeshes/MatineeCam_SM.uasset" 127
"../../../Engine/Content/EditorMeshes/PlanarReflectionPlane.uasset" 128
"../../../Engine/Content/EditorMaterials/Camera/CineMat.uasset" 129
"../../../Engine/Content/EditorMaterials/Camera/MI_CineMat_CameraBody.uasset" 130
"../../../Engine/Content/EngineDebugMaterials/M_SimpleOpaque.uasset" 131
"../../../Engine/Content/EditorMaterials/Camera/MI_CineMat_CamViewFinder.uasset" 132
"../../../Engine/Content/EditorMeshes/Camera/SM_CineCam.uasset" 133
"../../../Engine/Content/EditorMaterials/Camera/MI_CineMat_Rig.uasset" 134
"../../../Engine/Content/EditorMeshes/Camera/SM_CraneRig_Arm.uasset" 135
"../../../Engine/Content/EditorMeshes/Camera/SM_CraneRig_Base.uasset" 136
"../../../Engine/Content/EditorMeshes/Camera/SM_CraneRig_Body.uasset" 137
"../../../Engine/Content/EditorMeshes/Camera/SM_CraneRig_Mount.uasset" 138
"../../../Engine/Content/EditorMeshes/Camera/SM_RailRig_Mount.uasset" 139
"../../../Engine/Content/EditorMeshes/Camera/SM_RailRig_Track.uasset" 140
"../../../Engine/Content/EditorMeshes/ColorCalibrator/M_ChromeBall.uasset" 141
"../../../Engine/Content/EditorResources/Bad.uasset" 142
"../../../Engine/Content/EditorResources/BSPVertex.uasset" 143
"../../../Engine/Content/EditorResources/EmptyActor.uasset" 144
"../../../Engine/Content/EditorResources/MatInstActSprite.uasset" 145
"../../../Engine/Content/EditorResources/SceneManager.uasset" 146
"../../../Engine/Content/EditorResources/SmallFont.uasset" 147
"../../../Engine/Content/EditorResources/S_Actor.uasset" 148
"../../../Engine/Content/EditorResources/S_DecalActorIcon.uasset" 149
"../../../Engine/Content/EditorResources/S_Emitter.uasset" 150
"../../../Engine/Content/EditorResources/S_ExpoHeightFog.uasset" 151
"../../../Engine/Content/EditorResources/S_FTest.uasset" 152
"../../../Engine/Content/EditorResources/S_KBSJoint.uasset" 153
"../../../Engine/Content/EditorResources/S_KHinge.uasset" 154
"../../../Engine/Content/EditorResources/S_KPrismatic.uasset" 155
"../../../Engine/Content/EditorResources/S_LevelSequence.uasset" 156
"../../../Engine/Content/EditorResources/S_NavP.uasset" 157
"../../../Engine/Content/EditorResources/S_Note.uasset" 158
"../../../Engine/Content/EditorResources/S_Player.uasset" 159
"../../../Engine/Content/EditorResources/S_PortalActorIcon2.uasset" 160
"../../../Engine/Content/EditorResources/S_RadForce.uasset" 161
"../../../Engine/Content/EditorResources/S_ReflActorIcon.uasset" 162
"../../../Engine/Content/EditorResources/S_Terrain.uasset" 163
"../../../Engine/Content/EditorResources/S_TextRenderActorIcon.uasset" 164
"../../../Engine/Content/EditorResources/S_Thruster.uasset" 165
"../../../Engine/Content/EditorResources/S_Trigger.uasset" 166
"../../../Engine/Content/EditorResources/S_VectorFieldVol.uasset" 167
"../../../Engine/Content/EditorResources/S_WindDirectional.uasset" 168
"../../../Engine/Content/EditorResources/AI/S_NavLink.uasset" 169
"../../../Engine/Content/EditorResources/LightIcons/SkyLight.uasset" 170
"../../../Engine/Content/EditorResources/LightIcons/S_LightDirectional.uasset" 171
"../../../Engine/Content/EditorResources/LightIcons/S_LightDirectionalMove.uasset" 172
"../../../Engine/Content/EditorResources/LightIcons/S_LightError.uasset" 173
"../../../Engine/Content/EditorResources/LightIcons/S_LightPoint.uasset" 174
"../../../Engine/Content/EditorResources/LightIcons/S_LightPointMove.uasset" 175
"../../../Engine/Content/EditorResources/LightIcons/S_LightSpot.uasset" 176
"../../../Engine/Content/EditorResources/LightIcons/S_LightSpotMove.uasset" 177
"../../../Engine/Content/EditorResources/SequenceRecorder/Countdown.uasset" 178
"../../../Engine/Content/EditorResources/SequenceRecorder/RecordingIndicator.uasset" 179
"../../../Engine/Content/EditorResources/Spline/T_Loft_Spline.uasset" 180
"../../../Engine/Content/EditorSounds/Notifications/CompileFailed.uasset" 181
"../../../Engine/Content/EditorSounds/Notifications/CompileFailed_Cue.uasset" 182
"../../../Engine/Content/EditorSounds/Notifications/CompileSuccess.uasset" 183
"../../../Engine/Content/EditorSounds/Notifications/CompileStart_Cue.uasset" 184
"../../../Engine/Content/EditorSounds/Notifications/CompileSuccess_Cue.uasset" 185
"../../../Engine/Content/EngineDamageTypes/DmgTypeBP_Environmental.uasset" 186
"../../../Engine/Content/EngineDebugMaterials/HeatmapGradient.uasset" 187
"../../../Engine/Content/EngineDebugMaterials/BoneWeightMaterial.uasset" 188
"../../../Engine/Content/EngineDebugMaterials/ClothMaterial.uasset" 189
"../../../Engine/Content/EngineDebugMaterials/ClothMaterial_WF.uasset" 190
"../../../Engine/Content/EngineDebugMaterials/DebugEditorMaterial.uasset" 191
"../../../Engine/Content/EngineDebugMaterials/DebugMeshMaterial.uasset" 192
"../../../Engine/Content/EngineDebugMaterials/GeomMaterial.uasset" 193
"../../../Engine/Content/Functions/Engine_MaterialFunctions01/Shading/ConvertFromDiffSpec.uasset" 194
"../../../Engine/Content/EngineDebugMaterials/LevelColorationLitMaterial.uasset" 195
"../../../Engine/Content/EngineDebugMaterials/LevelColorationUnlitMaterial.uasset" 196
"../../../Engine/Content/EngineMaterials/DefaultWhiteGrid.uasset" 197
"../../../Engine/Content/EngineDebugMaterials/MAT_LevelColorationLitLightmapUV.uasset" 198
"../../../Engine/Content/EngineDebugMaterials/M_SimpleTranslucent.uasset" 199
"../../../Engine/Content/EngineDebugMaterials/ShadedLevelColorationLitMaterial.uasset" 200
"../../../Engine/Content/EngineDebugMaterials/ShadedLevelColorationUnlitMateri.uasset" 201
"../../../Engine/Content/EngineDebugMaterials/VertexColorMaterial.uasset" 202
"../../../Engine/Content/EngineDebugMaterials/VertexColorViewMode_AlphaAsColor.uasset" 203
"../../../Engine/Content/EngineDebugMaterials/VertexColorViewMode_BlueOnly.uasset" 204
"../../../Engine/Content/EngineDebugMaterials/VertexColorViewMode_ColorOnly.uasset" 205
"../../../Engine/Content/EngineDebugMaterials/VertexColorViewMode_GreenOnly.uasset" 206
"../../../Engine/Content/EngineDebugMaterials/VertexColorViewMode_RedOnly.uasset" 207
"../../../Engine/Content/EngineDebugMaterials/WireframeMaterial.uasset" 208
"../../../Engine/Content/EngineFonts/Faces/RobotoBold.uasset" 209
"../../../Engine/Content/EngineFonts/Faces/RobotoBoldItalic.uasset" 210
"../../../Engine/Content/EngineFonts/Faces/RobotoItalic.uasset" 211
"../../../Engine/Content/EngineFonts/Faces/RobotoLight.uasset" 212
"../../../Engine/Content/EngineFonts/Faces/RobotoRegular.uasset" 213
"../../../Engine/Content/EngineFonts/Roboto.uasset" 214
"../../../Engine/Content/EngineFonts/Faces/RobotoTiny.uasset" 215
"../../../Engine/Content/EngineFonts/RobotoTiny.uasset" 216
"../../../Engine/Content/EngineFonts/SmallFont.uasset" 217
"../../../Engine/Content/EngineFonts/TinyFont.uasset" 218
"../../../Engine/Content/EngineMaterials/BaseFlattenDiffuseMap.uasset" 219
"../../../Engine/Content/EngineMaterials/BaseFlattenEmissiveMap.uasset" 220
"../../../Engine/Content/EngineMaterials/BaseFlattenGrayscaleMap.uasset" 221
"../../../Engine/Content/EngineMaterials/BaseFlattenNormalMap.uasset" 222
"../../../Engine/Content/EngineMaterials/BaseFlattenMaterial.uasset" 223
"../../../Engine/Content/EngineResources/WhiteSquareTexture.uasset" 224
"../../../Engine/Content/EngineMaterials/BlinkingCaret.uasset" 225
"../../../Engine/Content/EngineMaterials/DefaultBloomKernel.uasset" 226
"../../../Engine/Content/EngineMaterials/DefaultBokeh.uasset" 227
"../../../Engine/Content/EngineMaterials/DefaultDiffuse.uasset" 228
"../../../Engine/Content/EngineMaterials/DefaultDeferredDecalMaterial.uasset" 229
"../../../Engine/Content/EngineMaterials/DefaultLightFunctionMaterial.uasset" 230
"../../../Engine/Content/EngineMaterials/DefaultNormal.uasset" 231
"../../../Engine/Content/EngineMaterials/DefaultPostProcessMaterial.uasset" 232
"../../../Engine/Content/EngineFonts/RobotoDistanceField.uasset" 233
"../../../Engine/Content/EngineMaterials/DefaultTextMaterialOpaque.uasset" 234
"../../../Engine/Content/EngineMaterials/EditorBrushMaterial.uasset" 235
"../../../Engine/Content/EngineMaterials/Grid_N.uasset" 236
"../../../Engine/Content/EngineMaterials/HighResolutionScreenshotMaskFunction.uasset" 237
"../../../Engine/Content/EngineMaterials/HighResScreenshot.uasset" 238
"../../../Engine/Content/EngineMaterials/HighResScreenshotCaptureRegion.uasset" 239
"../../../Engine/Content/EngineMaterials/HighResScreenshotMask.uasset" 240
"../../../Engine/Content/EngineMaterials/LandscapeHolePhysicalMaterial.uasset" 241
"../../../Engine/Content/EngineMaterials/InvalidLightmapSettings.uasset" 242
"../../../Engine/Content/EngineMaterials/M_InvalidLightmapSettings.uasset" 243
"../../../Engine/Content/EngineMaterials/PaperDiffuse.uasset" 244
"../../../Engine/Content/EngineMaterials/PaperNormal.uasset" 245
"../../../Engine/Content/Functions/Engine_MaterialFunctions02/WorldPositionOffset/CameraOffset.uasset" 246
"../../../Engine/Content/EngineMaterials/PhAT_JointLimitMaterial.uasset" 247
"../../../Engine/Content/EngineMaterials/PhysMat_Rubber.uasset" 248
"../../../Engine/Content/EngineMaterials/PreintegratedSkinBRDF.uasset" 249
"../../../Engine/Content/EngineMaterials/RemoveSurfaceMaterial.uasset" 250
"../../../Engine/Content/EngineMaterials/WeightMapPlaceholderTexture.uasset" 251
"../../../Engine/Content/EngineMaterials/Widget3DPassThrough.uasset" 252
"../../../Engine/Content/EngineMaterials/Widget3DPassThrough_Masked.uasset" 253
"../../../Engine/Content/EngineMaterials/Widget3DPassThrough_Opaque.uasset" 254
"../../../Engine/Content/EngineMaterials/Widget3DPassThrough_Masked_OneSided.uasset" 255
"../../../Engine/Content/EngineMaterials/Widget3DPassThrough_Opaque_OneSided.uasset" 256
"../../../Engine/Content/EngineMaterials/Widget3DPassThrough_Translucent.uasset" 257
"../../../Engine/Content/EngineMaterials/Widget3DPassThrough_Translucent_OneSided.uasset" 258
"../../../Engine/Content/EngineMeshes/Cylinder.uasset" 259
"../../../Engine/Content/EngineMeshes/Sphere.uasset" 260
"../../../Engine/Content/EngineResources/Black.uasset" 261
"../../../Engine/Content/EngineResources/DefaultTexture.uasset" 262
"../../../Engine/Content/EngineResources/DefaultTextureCube.uasset" 263
"../../../Engine/Content/EngineResources/DefaultVolumeTexture2D.uasset" 264
"../../../Engine/Content/EngineResources/DefaultVolumeTexture.uasset" 265
"../../../Engine/Content/EngineResources/GradientTexture0.uasset" 266
"../../../Engine/Content/EngineResources/StreamingPauseIcon.uasset" 267
"../../../Engine/Content/EngineResources/M_StreamingPause.uasset" 268
"../../../Engine/Content/EngineSounds/Master.uasset" 269
"../../../Engine/Content/Functions/Engine_MaterialFunctions01/Shading/PowerToRoughness.uasset" 270
"../../../Engine/Content/Maps/Templates/Thumbnails/Default.uasset" 271
"../../../Engine/Content/Maps/Templates/Thumbnails/VR-Basic.uasset" 272
"../../../Engine/Content/MapTemplates/Sky/DaylightAmbientCubemap.uasset" 273
"../../../Engine/Content/MobileResources/T_MobileControls_texture.uasset" 274
"../../../Engine/Content/MobileResources/T_MobileMenu2.uasset" 275
"../../../Engine/Content/MobileResources/HUD/AnalogHat.uasset" 276
"../../../Engine/Content/MobileResources/HUD/VirtualJoystick_Background.uasset" 277
"../../../Engine/Content/MobileResources/HUD/VirtualJoystick_Thumb.uasset" 278
"../../../Engine/Content/MobileResources/HUD/DefaultVirtualJoysticks.uasset" 279
"../../../Engine/Content/MobileResources/HUD/LeftVirtualJoystickOnly.uasset" 280
"../../../Engine/Content/MobileResources/HUD/MobileHUDButton1_off.uasset" 281
"../../../Engine/Content/MobileResources/HUD/MobileHUDButton1_on.uasset" 282
"../../../Engine/Content/MobileResources/HUD/MobileHUDButton2_off.uasset" 283
"../../../Engine/Content/MobileResources/HUD/MobileHUDButton2_on.uasset" 284
"../../../Engine/Content/MobileResources/HUD/MobileHUDButton3.uasset" 285
"../../../Engine/Content/MobileResources/HUD/MobileHUDButtonFire.uasset" 286
"../../../Engine/Content/MobileResources/HUD/MobileHUDDirectionPad.uasset" 287
"../../../Engine/Content/MobileResources/HUD/MobileHUDDirectionPad2.uasset" 288
"../../../Engine/Content/MobileResources/HUD/MobileHUDDirectionPad3.uasset" 289
"../../../Engine/Content/MobileResources/HUD/MobileHUDDirectionStick.uasset" 290
"../../../Engine/Content/MobileResources/HUD/T_Castle_ThumbstickInner.uasset" 291
"../../../Engine/Content/MobileResources/HUD/T_Castle_ThumbstickOutter.uasset" 292
"../../../Engine/Content/Tutorial/ContentIntroCurve.uasset" 293
"../../../Engine/Content/Tutorial/Basics/LevelEditorAttract.uasset" 294
"../../../Engine/Content/Tutorial/Basics/TutorialAssets/icon_tab_Levels_40x.uasset" 295
"../../../Engine/Content/Tutorial/Basics/LevelEditorOverview.uasset" 296
"../../../Engine/Content/Tutorial/SubEditors/GettingSubstance.uasset" 297
"../../../Engine/Content/Tutorial/SubEditors/ParticleSystemEditorTutorial.uasset" 298
"../../../Engine/Content/Tutorial/SubEditors/TutorialAssets/T_SmokeSubUV_8X8.uasset" 299
"../../../Engine/Content/Tutorial/SubEditors/TutorialAssets/T_soft_smoke.uasset" 300
"../../../Engine/Content/Tutorial/SubEditors/TutorialAssets/M_smoke_subUV_blackbody.uasset" 301
"../../../Engine/Content/Tutorial/SubEditors/TutorialAssets/TutorialParticleSystem.uasset" 302
"../../../Engine/Content/VREditor/LaserPointer/VR_LaserPower_01.uasset" 303
"../../../Engine/Content/VREditor/TransformGizmo/TransformGizmoMaterial.uasset" 304
"../../../Engine/Content/VREditor/TransformGizmo/TranslucentTransformGizmoMaterial.uasset" 305
"../../../Engine/Content/VREditor/TransformGizmo/BoundingBoxCorner.uasset" 306
"../../../Engine/Content/VREditor/TransformGizmo/BoundingBoxEdge.uasset" 307
"../../../Engine/Content/VREditor/TransformGizmo/PlaneTranslationHandle.uasset" 308
"../../../Engine/Content/VREditor/TransformGizmo/Main.uasset" 309
"../../../Engine/Content/VREditor/TransformGizmo/Xray.uasset" 310
"../../../Engine/Content/VREditor/TransformGizmo/SM_Sequencer_Key.uasset" 311
"../../../Engine/Content/VREditor/TransformGizmo/SM_Sequencer_Node.uasset" 312
"../../../../../../Users/Clif/Desktop/CS497/Game/Source/HideNSeek/Content/FirstPersonBP/FirstPersonOverview.uasset" 313
"../../../../../../Users/Clif/Desktop/CS497/Game/Source/HideNSeek/Content/SoulCity/Effects/Textures/Water/T_WaterDroplets_M.uasset" 314
"../../../../../../Users/Clif/Desktop/CS497/Game/Source/HideNSeek/Content/SoulCity/Effects/Textures/Water/T_WaterDroplets_N.uasset" 315
"../../../../../../Users/Clif/Desktop/CS497/Game/Source/HideNSeek/Content/SoulCity/Effects/Materials/Water/M_ParticleWater_MASTER_Mobile.uasset" 316
"../../../../../../Users/Clif/Desktop/CS497/Game/Source/HideNSeek/Content/SoulCity/Effects/Particles/Water/P_RainGroundSplash.uasset" 317
"../../../../../../Users/Clif/Desktop/CS497/Game/Source/HideNSeek/Content/SoulCity/Effects/Particles/Water/P_RainStorm_Mobile.uasset" 318
"../../Plugins/2D/Paper2D/Content/PlaceholderTextures/DummySpriteTexture.uasset" 319
"../../Plugins/2D/Paper2D/Content/DummySprite.uasset" 320
"../../Plugins/2D/Paper2D/Content/DefaultPaperTerrainMaterial.uasset" 321
"../../Plugins/2D/Paper2D/Content/DefaultSpriteMaterial.uasset" 322
"../../Plugins/2D/Paper2D/Content/MaskedUnlitSpriteMaterial.uasset" 323
"../../Plugins/2D/Paper2D/Content/OpaqueUnlitSpriteMaterial.uasset" 324
"../../Plugins/Runtime/Oculus/OculusVR/Content/OculusMR_RenderTarget.uasset" 325
"../../../Engine/Content/Functions/Engine_MaterialFunctions02/Utility/BreakOutFloat4Components.uasset" 326
"../../Plugins/Runtime/Oculus/OculusVR/Content/Materials/OculusMR_ChromaKey.uasset" 327
"../../Plugins/Runtime/Oculus/OculusVR/Content/Materials/OculusMR_ChromaKey_Lit.uasset" 328
"../../Plugins/Runtime/Oculus/OculusVR/Content/Materials/OculusMR_OpaqueColoredMaterial.uasset" 329
"../../Plugins/Runtime/Oculus/OculusVR/Content/Materials/OculusMR_WhiteMaterial.uasset" 330
"../../Plugins/Runtime/Oculus/OculusVR/Content/Materials/PokeAHoleMaterial.uasset" 331
"../../Plugins/Runtime/Oculus/OculusVR/Content/Textures/GearVRController_AO.uasset" 332
"../../Plugins/Runtime/Oculus/OculusVR/Content/Textures/GearVRController_Color.uasset" 333
"../../Plugins/Runtime/Oculus/OculusVR/Content/Textures/GearVRController_Normal.uasset" 334
"../../Plugins/Runtime/Oculus/OculusVR/Content/Materials/GearVRControllerMaterial.uasset" 335
"../../Plugins/Runtime/Oculus/OculusVR/Content/Meshes/GearVrController.uasset" 336
"../../Plugins/Runtime/Oculus/OculusVR/Content/Textures/touchController_albedo.uasset" 337
"../../Plugins/Runtime/Oculus/OculusVR/Content/Textures/touchController_controlmap.uasset" 338
"../../Plugins/Runtime/Oculus/OculusVR/Content/Materials/touchController_mat.uasset" 339
"../../Plugins/Runtime/Oculus/OculusVR/Content/Meshes/LeftTouchController.uasset" 340
"../../Plugins/Runtime/Oculus/OculusVR/Content/Meshes/RiftHMD.uasset" 341
"../../Plugins/Runtime/Oculus/OculusVR/Content/Meshes/RightTouchController.uasset" 342
"../../../Engine/Content/Maps/Entry_BuiltData.uasset" 343
"../../../Engine/Content/Maps/Entry.umap" 344
"../../../../../../Users/Clif/Desktop/CS497/Game/Source/HideNSeek/Content/Characters/MainChar_Skeleton.uasset" 345
"../../../../../../Users/Clif/Desktop/CS497/Game/Source/HideNSeek/Content/Characters/Idle_Anim.uasset" 346
"../../../../../../Users/Clif/Desktop/CS497/Game/Source/HideNSeek/Content/Characters/Running.uasset" 347
"../../../../../../Users/Clif/Desktop/CS497/Game/Source/HideNSeek/Content/Characters/Walking.uasset" 348
"../../../../../../Users/Clif/Desktop/CS497/Game/Source/HideNSeek/Content/Characters/MainChar_BlendSpace.uasset" 349
"../../../../../../Users/Clif/Desktop/CS497/Game/Source/HideNSeek/Content/Characters/MainChar_Blueprint.uasset" 350
"../../../../../../Users/Clif/Desktop/CS497/Game/Source/HideNSeek/Content/FirstPerson/Character/Mesh/SK_Mannequin_Arms_Skeleton.uasset" 351
"../../../../../../Users/Clif/Desktop/CS497/Game/Source/HideNSeek/Content/FirstPerson/Animations/FirstPerson_Idle.uasset" 352
"../../../../../../Users/Clif/Desktop/CS497/Game/Source/HideNSeek/Content/FirstPerson/Animations/FirstPerson_JumpEnd.uasset" 353
"../../../../../../Users/Clif/Desktop/CS497/Game/Source/HideNSeek/Content/FirstPerson/Animations/FirstPerson_JumpLoop.uasset" 354
"../../../../../../Users/Clif/Desktop/CS497/Game/Source/HideNSeek/Content/FirstPerson/Animations/FirstPerson_JumpStart.uasset" 355
"../../../../../../Users/Clif/Desktop/CS497/Game/Source/HideNSeek/Content/FirstPerson/Animations/FirstPerson_Run10.uasset" 356
"../../../Engine/Content/EditorBlueprintResources/StandardMacros.uasset" 357
"../../../../../../Users/Clif/Desktop/CS497/Game/Source/HideNSeek/Content/FirstPerson/Animations/FirstPerson_AnimBP.uasset" 358
"../../../../../../Users/Clif/Desktop/CS497/Game/Source/HideNSeek/Content/Characters/Throwing.uasset" 359
"../../../../../../Users/Clif/Desktop/CS497/Game/Source/HideNSeek/Content/Characters/Throwing_Montage.uasset" 360
"../../../../../../Users/Clif/Desktop/CS497/Game/Source/HideNSeek/Content/Characters/CameraShake_Blueprint.uasset" 361
"../../../../../../Users/Clif/Desktop/CS497/Game/Source/HideNSeek/Content/Enemy/Wolf/Meshes/Wolf_BlackboardData.uasset" 362
"../../../../../../Users/Clif/Desktop/CS497/Game/Source/HideNSeek/Content/Enemy/Wolf/Meshes/ChasePlayer.uasset" 363
"../../../../../../Users/Clif/Desktop/CS497/Game/Source/HideNSeek/Content/Enemy/Wolf/Meshes/FindaRandomLoation.uasset" 364
"../../../../../../Users/Clif/Desktop/CS497/Game/Source/HideNSeek/Content/Enemy/Wolf/Meshes/FindPlayerLocation.uasset" 365
"../../../../../../Users/Clif/Desktop/CS497/Game/Source/HideNSeek/Content/Enemy/Wolf/Meshes/IsPlayerInRange.uasset" 366
"../../../../../../Users/Clif/Desktop/CS497/Game/Source/HideNSeek/Content/Enemy/Wolf/Meshes/SK_Wolf_Skeleton.uasset" 367
"../../../../../../Users/Clif/Desktop/CS497/Game/Source/HideNSeek/Content/Enemy/Wolf/Animations/ANIM_Wolf_JumpBite.uasset" 368
"../../../../../../Users/Clif/Desktop/CS497/Game/Source/HideNSeek/Content/Enemy/Wolf/Animations/MeleeAttack.uasset" 369
"../../../../../../Users/Clif/Desktop/CS497/Game/Source/HideNSeek/Content/Enemy/Wolf/Meshes/MeleeAttack.uasset" 370
"../../../../../../Users/Clif/Desktop/CS497/Game/Source/HideNSeek/Content/Enemy/Wolf/Meshes/Wolf_BehaviorTree.uasset" 371
"../../../../../../Users/Clif/Desktop/CS497/Game/Source/HideNSeek/Content/Enemy/Wolf/Meshes/WolfAI_Blueprint.uasset" 372
"../../../../../../Users/Clif/Desktop/CS497/Game/Source/HideNSeek/Content/FirstPerson/Meshes/BaseMaterial.uasset" 373
"../../../../../../Users/Clif/Desktop/CS497/Game/Source/HideNSeek/Content/FirstPerson/Meshes/FirstPersonProjectileMaterial.uasset" 374
"../../../../../../Users/Clif/Desktop/CS497/Game/Source/HideNSeek/Content/FirstPerson/Meshes/FirstPersonProjectileMesh.uasset" 375
"../../../../../../Users/Clif/Desktop/CS497/Game/Source/HideNSeek/Content/FirstPersonBP/Blueprints/FirstPersonProjectile.uasset" 376
"../../../Engine/Content/VREditor/Sounds/UI/Flashlight_Switch.uasset" 377
"../../../../../../Users/Clif/Desktop/CS497/Game/Source/HideNSeek/Content/Characters/textures/bob02_diffuse.uasset" 378
"../../../../../../Users/Clif/Desktop/CS497/Game/Source/HideNSeek/Content/Characters/textures/bob02_diffuse_Mat.uasset" 379
"../../../../../../Users/Clif/Desktop/CS497/Game/Source/HideNSeek/Content/Characters/textures/brown_eye.uasset" 380
"../../../../../../Users/Clif/Desktop/CS497/Game/Source/HideNSeek/Content/Characters/textures/brown_eye_Mat.uasset" 381
"../../../../../../Users/Clif/Desktop/CS497/Game/Source/HideNSeek/Content/Characters/textures/eyebrow009.uasset" 382
"../../../../../../Users/Clif/Desktop/CS497/Game/Source/HideNSeek/Content/Characters/textures/eyebrow009_Mat.uasset" 383
"../../../../../../Users/Clif/Desktop/CS497/Game/Source/HideNSeek/Content/Characters/textures/eyelashes01.uasset" 384
"../../../../../../Users/Clif/Desktop/CS497/Game/Source/HideNSeek/Content/Characters/textures/eyelashes01_Mat.uasset" 385
"../../../../../../Users/Clif/Desktop/CS497/Game/Source/HideNSeek/Content/Characters/textures/female_casualsuit02_diffuse.uasset" 386
"../../../../../../Users/Clif/Desktop/CS497/Game/Source/HideNSeek/Content/Characters/textures/female_casualsuit02_normal.uasset" 387
"../../../../../../Users/Clif/Desktop/CS497/Game/Source/HideNSeek/Content/Characters/textures/female_casualsuit02_diffuse_Mat.uasset" 388
"../../../../../../Users/Clif/Desktop/CS497/Game/Source/HideNSeek/Content/Characters/textures/shoes06_diffuse.uasset" 389
"../../../../../../Users/Clif/Desktop/CS497/Game/Source/HideNSeek/Content/Characters/textures/shoes06_diffuse_Mat.uasset" 390
"../../../../../../Users/Clif/Desktop/CS497/Game/Source/HideNSeek/Content/Characters/textures/young_lightskinned_female_diffuse2.uasset" 391
"../../../../../../Users/Clif/Desktop/CS497/Game/Source/HideNSeek/Content/Characters/textures/young_lightskinned_female_diffuse2_Mat.uasset" 392
"../../../../../../Users/Clif/Desktop/CS497/Game/Source/HideNSeek/Content/Characters/MainChar_PhysicsAsset.uasset" 393
"../../../../../../Users/Clif/Desktop/CS497/Game/Source/HideNSeek/Content/Characters/MainChar.uasset" 394
"../../../Engine/Content/Functions/Engine_MaterialFunctions02/Utility/BlendAngleCorrectedNormals.uasset" 395
"../../../Engine/Content/Functions/MaterialLayerFunctions/MatLayerBlend_NormalBlend.uasset" 396
"../../../Engine/Content/Functions/MaterialLayerFunctions/MatLayerBlend_Simple.uasset" 397
"../../../../../../Users/Clif/Desktop/CS497/Game/Source/HideNSeek/Content/FirstPerson/Character/Materials/MaterialLayers/T_ML_Rubber_Blue_01_D.uasset" 398
"../../../../../../Users/Clif/Desktop/CS497/Game/Source/HideNSeek/Content/FirstPerson/Character/Materials/MaterialLayers/T_ML_Rubber_Blue_01_N.uasset" 399
"../../../../../../Users/Clif/Desktop/CS497/Game/Source/HideNSeek/Content/FirstPerson/Character/Materials/MaterialLayers/ML_GlossyBlack_Latex_UE4.uasset" 400
"../../../../../../Users/Clif/Desktop/CS497/Game/Source/HideNSeek/Content/FirstPerson/Character/Materials/MaterialLayers/ML_Plastic_Shiny_Beige.uasset" 401
"../../../../../../Users/Clif/Desktop/CS497/Game/Source/HideNSeek/Content/FirstPerson/Character/Textures/UE4_LOGO_CARD.uasset" 402
"../../../../../../Users/Clif/Desktop/CS497/Game/Source/HideNSeek/Content/FirstPerson/Character/Materials/MaterialLayers/ML_Plastic_Shiny_Beige_LOGO.uasset" 403
"../../../../../../Users/Clif/Desktop/CS497/Game/Source/HideNSeek/Content/FirstPerson/Character/Materials/MaterialLayers/T_ML_Aluminum01.uasset" 404
"../../../../../../Users/Clif/Desktop/CS497/Game/Source/HideNSeek/Content/FirstPerson/Character/Materials/MaterialLayers/T_ML_Aluminum01_N.uasset" 405
"../../../../../../Users/Clif/Desktop/CS497/Game/Source/HideNSeek/Content/FirstPerson/Character/Materials/MaterialLayers/ML_SoftMetal_UE4.uasset" 406
"../../../../../../Users/Clif/Desktop/CS497/Game/Source/HideNSeek/Content/FirstPerson/Character/Textures/UE4_Mannequin__normals.uasset" 407
"../../../../../../Users/Clif/Desktop/CS497/Game/Source/HideNSeek/Content/FirstPerson/Character/Textures/UE4_Mannequin_MAT_MASKA.uasset" 408
"../../../../../../Users/Clif/Desktop/CS497/Game/Source/HideNSeek/Content/FirstPerson/Character/Materials/M_UE4Man_Body.uasset" 409
"../../../../../../Users/Clif/Desktop/CS497/Game/Source/HideNSeek/Content/FirstPerson/Character/Mesh/SK_Mannequin_Arms_PhysicsAsset.uasset" 410
"../../../../../../Users/Clif/Desktop/CS497/Game/Source/HideNSeek/Content/FirstPerson/Character/Mesh/SK_Mannequin_Arms.uasset" 411
"../../../../../../Users/Clif/Desktop/CS497/Game/Source/HideNSeek/Content/FirstPerson/FPWeapon/Materials/MaterialLayers/T_ML_Rubber_Blue_01_D.uasset" 412
"../../../../../../Users/Clif/Desktop/CS497/Game/Source/HideNSeek/Content/FirstPerson/FPWeapon/Materials/MaterialLayers/T_ML_Rubber_Blue_01_N.uasset" 413
"../../../../../../Users/Clif/Desktop/CS497/Game/Source/HideNSeek/Content/FirstPerson/FPWeapon/Materials/MaterialLayers/ML_GlossyBlack_Latex_UE4.uasset" 414
"../../../../../../Users/Clif/Desktop/CS497/Game/Source/HideNSeek/Content/FirstPerson/FPWeapon/Materials/MaterialLayers/ML_Plastic_Shiny_Beige.uasset" 415
"../../../../../../Users/Clif/Desktop/CS497/Game/Source/HideNSeek/Content/FirstPerson/FPWeapon/Materials/MaterialLayers/ML_Screen.uasset" 416
"../../../../../../Users/Clif/Desktop/CS497/Game/Source/HideNSeek/Content/FirstPerson/FPWeapon/Materials/MaterialLayers/T_ML_Aluminum01.uasset" 417
"../../../../../../Users/Clif/Desktop/CS497/Game/Source/HideNSeek/Content/FirstPerson/FPWeapon/Materials/MaterialLayers/T_ML_Aluminum01_N.uasset" 418
"../../../../../../Users/Clif/Desktop/CS497/Game/Source/HideNSeek/Content/FirstPerson/FPWeapon/Materials/MaterialLayers/ML_SoftMetal_UE4.uasset" 419
"../../../../../../Users/Clif/Desktop/CS497/Game/Source/HideNSeek/Content/FirstPerson/FPWeapon/Textures/T_FPGun_M.uasset" 420
"../../../../../../Users/Clif/Desktop/CS497/Game/Source/HideNSeek/Content/FirstPerson/FPWeapon/Textures/T_FPGun_N.uasset" 421
"../../../../../../Users/Clif/Desktop/CS497/Game/Source/HideNSeek/Content/FirstPerson/FPWeapon/Materials/M_FPGun.uasset" 422
"../../../../../../Users/Clif/Desktop/CS497/Game/Source/HideNSeek/Content/FirstPerson/FPWeapon/Mesh/SK_FPGun_Skeleton.uasset" 423
"../../../../../../Users/Clif/Desktop/CS497/Game/Source/HideNSeek/Content/FirstPerson/FPWeapon/Mesh/SK_FPGun.uasset" 424
"../../../../../../Users/Clif/Desktop/CS497/Game/Source/HideNSeek/Content/HealthBar_HUD.uasset" 425
"../../../../../../Users/Clif/Desktop/CS497/Game/Source/HideNSeek/Content/Characters/FirstPersonCharacter_2.uasset" 426
"../../../../../../Users/Clif/Desktop/CS497/Game/Source/HideNSeek/Content/Enemy/Wolf/Animations/ANIM_Wolf_IdleLookAround.uasset" 427
"../../../../../../Users/Clif/Desktop/CS497/Game/Source/HideNSeek/Content/Enemy/Wolf/Animations/ANIM_Wolf_Run.uasset" 428
"../../../../../../Users/Clif/Desktop/CS497/Game/Source/HideNSeek/Content/Enemy/Wolf/Animations/ANIM_Wolf_Walk.uasset" 429
"../../../../../../Users/Clif/Desktop/CS497/Game/Source/HideNSeek/Content/Enemy/Wolf/Meshes/WolfBlendSpace.uasset" 430
"../../../../../../Users/Clif/Desktop/CS497/Game/Source/HideNSeek/Content/Enemy/Wolf/Meshes/WolfAnimation_Blueprint.uasset" 431
"../../../../../../Users/Clif/Desktop/CS497/Game/Source/HideNSeek/Content/Enemy/Wolf/dogwhine.uasset" 432
"../../../../../../Users/Clif/Desktop/CS497/Game/Source/HideNSeek/Content/Enemy/Wolf/Animations/ANIM_Wolf_Death.uasset" 433
"../../../../../../Users/Clif/Desktop/CS497/Game/Source/HideNSeek/Content/Enemy/Wolf/Textures/T_Wolf_BaseColorAlpha.uasset" 434
"../../../../../../Users/Clif/Desktop/CS497/Game/Source/HideNSeek/Content/Enemy/Wolf/Textures/T_Wolf_Nml.uasset" 435
"../../../../../../Users/Clif/Desktop/CS497/Game/Source/HideNSeek/Content/Enemy/Wolf/Textures/T_Wolf_OcclusionRoughnessMetallic.uasset" 436
"../../../../../../Users/Clif/Desktop/CS497/Game/Source/HideNSeek/Content/Enemy/Wolf/Textures/T_Wolf_Specular.uasset" 437
"../../../../../../Users/Clif/Desktop/CS497/Game/Source/HideNSeek/Content/Enemy/Wolf/Materials/M_Wolf.uasset" 438
"../../../../../../Users/Clif/Desktop/CS497/Game/Source/HideNSeek/Content/Enemy/Wolf/Materials/M_WolfFur.uasset" 439
"../../../../../../Users/Clif/Desktop/CS497/Game/Source/HideNSeek/Content/Enemy/Wolf/Meshes/SK_Wolf_PhysicsAsset.uasset" 440
"../../../../../../Users/Clif/Desktop/CS497/Game/Source/HideNSeek/Content/Enemy/Wolf/Meshes/SK_Wolf.uasset" 441
"../../../../../../Users/Clif/Desktop/CS497/Game/Source/HideNSeek/Content/Enemy/Wolf/Meshes/WolfEnemy_Blueprint.uasset" 442
"../../../Engine/Content/EngineSky/C_Sky_Cloud_Color.uasset" 443
"../../../Engine/Content/EngineSky/C_Sky_Horizon_Color.uasset" 444
"../../../Engine/Content/EngineSky/C_Sky_Zenith_Color.uasset" 445
"../../../Engine/Content/EngineSky/T_Sky_Blue.uasset" 446
"../../../Engine/Content/EngineSky/T_Sky_Clouds_M.uasset" 447
"../../../Engine/Content/EngineSky/T_Sky_Stars.uasset" 448
"../../../Engine/Content/EngineSky/M_Sky_Panning_Clouds2.uasset" 449
"../../../Engine/Content/EngineSky/SM_SkySphere.uasset" 450
"../../../Engine/Content/EngineSky/BP_Sky_Sphere.uasset" 451
"../../../../../../Users/Clif/Desktop/CS497/Game/Source/HideNSeek/Content/BallPickup_BP.uasset" 452
"../../../../../../Users/Clif/Desktop/CS497/Game/Source/HideNSeek/Content/Batteryimage.uasset" 453
"../../../../../../Users/Clif/Desktop/CS497/Game/Source/HideNSeek/Content/Material_001.uasset" 454
"../../../../../../Users/Clif/Desktop/CS497/Game/Source/HideNSeek/Content/Material_002.uasset" 455
"../../../../../../Users/Clif/Desktop/CS497/Game/Source/HideNSeek/Content/Material_Battery.uasset" 456
"../../../../../../Users/Clif/Desktop/CS497/Game/Source/HideNSeek/Content/Battery.uasset" 457
"../../../../../../Users/Clif/Desktop/CS497/Game/Source/HideNSeek/Content/BatteryPickup_BP.uasset" 458
"../../../../../../Users/Clif/Desktop/CS497/Game/Source/HideNSeek/Content/Metal.uasset" 459
"../../../../../../Users/Clif/Desktop/CS497/Game/Source/HideNSeek/Content/wood-texture.uasset" 460
"../../../../../../Users/Clif/Desktop/CS497/Game/Source/HideNSeek/Content/Wood.uasset" 461
"../../../../../../Users/Clif/Desktop/CS497/Game/Source/HideNSeek/Content/box3_Cube_003.uasset" 462
"../../../../../../Users/Clif/Desktop/CS497/Game/Source/HideNSeek/Content/box3_Plane.uasset" 463
"../../../../../../Users/Clif/Desktop/CS497/Game/Source/HideNSeek/Content/box2_Plane_BP.uasset" 464
"../../../../../../Users/Clif/Desktop/CS497/Game/Source/HideNSeek/Content/box3_Plane_Blueprint.uasset" 465
"../../../../../../Users/Clif/Desktop/CS497/Game/Source/HideNSeek/Content/FirstPerson/Textures/FirstPersonCrosshair.uasset" 466
"../../../../../../Users/Clif/Desktop/CS497/Game/Source/HideNSeek/Content/FirstPersonBP/Blueprints/FirstPersonHUD.uasset" 467
"../../../../../../Users/Clif/Desktop/CS497/Game/Source/HideNSeek/Content/FirstPersonBP/Blueprints/FirstPersonGameMode.uasset" 468
"../../../Engine/Content/Functions/Engine_MaterialFunctions01/Gradient/LinearGradient.uasset" 469
"../../../Engine/Content/Functions/Engine_MaterialFunctions01/ImageAdjustment/CheapContrast.uasset" 470
"../../../Engine/Content/Functions/Engine_MaterialFunctions02/Math/MultiplyAdd.uasset" 471
"../../../Engine/Content/Functions/Engine_MaterialFunctions02/Texturing/ScreenAlignedPixelToPixelUVs.uasset" 472
"../../../Engine/Content/EngineMaterials/Good64x64TilingNoiseHighFreq.uasset" 473
"../../../Engine/Content/Functions/Engine_MaterialFunctions02/Utility/DitherTemporalAA.uasset" 474
"../../../Engine/Content/ArtTools/RenderToTexture/Textures/127grey.uasset" 475
"../../../../../../Users/Clif/Desktop/CS497/Game/Source/HideNSeek/Content/MedievalDungeon/Materials/M_Master.uasset" 476
"../../../../../../Users/Clif/Desktop/CS497/Game/Source/HideNSeek/Content/MedievalDungeon/Textures/T_Statue_Hooded_Metal_A.uasset" 477
"../../../../../../Users/Clif/Desktop/CS497/Game/Source/HideNSeek/Content/MedievalDungeon/Textures/T_Statue_Hooded_Metal_C.uasset" 478
"../../../../../../Users/Clif/Desktop/CS497/Game/Source/HideNSeek/Content/MedievalDungeon/Textures/T_Statue_Hooded_Metal_N.uasset" 479
"../../../../../../Users/Clif/Desktop/CS497/Game/Source/HideNSeek/Content/MedievalDungeon/Materials/M_Statue_Hooded_Metal_Inst.uasset" 480
"../../../../../../Users/Clif/Desktop/CS497/Game/Source/HideNSeek/Content/MedievalDungeon/Meshes/Props/SM_Statue_Hooded_Metal.uasset" 481
"../../../../../../Users/Clif/Desktop/CS497/Game/Source/HideNSeek/Content/MedievalDungeon/Meshes/Props/SM_Statue_Hooded_Metal_DM.uasset" 482
"../../../../../../Users/Clif/Desktop/CS497/Game/Source/HideNSeek/Content/FirstPersonBP/Maps/GardenMaze_BuiltData.uasset" 483
"../../../Engine/Content/Functions/Engine_MaterialFunctions01/Texturing/DetailTexturing.uasset" 484
"../../../../../../Users/Clif/Desktop/CS497/Game/Source/HideNSeek/Content/MedievalDungeon/Textures/T_BrickFloor_Clean_A.uasset" 485
"../../../../../../Users/Clif/Desktop/CS497/Game/Source/HideNSeek/Content/MedievalDungeon/Textures/T_BrickFloor_Clean_C.uasset" 486
"../../../../../../Users/Clif/Desktop/CS497/Game/Source/HideNSeek/Content/MedievalDungeon/Textures/T_BrickFloor_Clean_H.uasset" 487
"../../../../../../Users/Clif/Desktop/CS497/Game/Source/HideNSeek/Content/MedievalDungeon/Textures/T_BrickFloor_Clean_N.uasset" 488
"../../../../../../Users/Clif/Desktop/CS497/Game/Source/HideNSeek/Content/MedievalDungeon/Textures/T_BrickFloor_Clean_A_Mat.uasset" 489
"../../../../../../Users/Clif/Desktop/CS497/Game/Source/HideNSeek/Content/MedievalDungeon/Textures/T_BrickFloor_Clean_A_Mat_Inst1.uasset" 490
"../../../../../../Users/Clif/Desktop/CS497/Game/Source/HideNSeek/Content/vegetation_pack/green-hedge-texture-seamless.uasset" 491
"../../../../../../Users/Clif/Desktop/CS497/Game/Source/HideNSeek/Content/vegetation_pack/Hedge_mat.uasset" 492
"../../../../../../Users/Clif/Desktop/CS497/Game/Source/HideNSeek/Content/vegetation_pack/Hedge1.uasset" 493
"../../../../../../Users/Clif/Desktop/CS497/Game/Source/HideNSeek/Content/vegetation_pack/HedgeScaled.uasset" 494
"../../../Engine/Content/BasicShapes/Plane.uasset" 495
"../../../../../../Users/Clif/Desktop/CS497/Game/Source/HideNSeek/Content/Geometry/Meshes/CubeMaterial.uasset" 496
"../../../../../../Users/Clif/Desktop/CS497/Game/Source/HideNSeek/Content/Geometry/Meshes/1M_Cube.uasset" 497
"../../../../../../Users/Clif/Desktop/CS497/Game/Source/HideNSeek/Content/MedievalDungeon/Textures/T_Statue_Stand_A.uasset" 498
"../../../../../../Users/Clif/Desktop/CS497/Game/Source/HideNSeek/Content/MedievalDungeon/Textures/T_Statue_Stand_C.uasset" 499
"../../../../../../Users/Clif/Desktop/CS497/Game/Source/HideNSeek/Content/MedievalDungeon/Textures/T_Statue_Stand_N.uasset" 500
"../../../../../../Users/Clif/Desktop/CS497/Game/Source/HideNSeek/Content/MedievalDungeon/Materials/M_Statue_Stand_Inst.uasset" 501
"../../../../../../Users/Clif/Desktop/CS497/Game/Source/HideNSeek/Content/MedievalDungeon/Meshes/Props/SM_Statue_Stand.uasset" 502
"../../../../../../Users/Clif/Desktop/CS497/Game/Source/HideNSeek/Content/Old_Basement_Door__Big_Door_L.uasset" 503
"../../../../../../Users/Clif/Desktop/CS497/Game/Source/HideNSeek/Content/Old_Basement_Door__Big_Door_R.uasset" 504
"../../../../../../Users/Clif/Desktop/CS497/Game/Source/HideNSeek/Content/FirstPersonBP/Maps/GardenMaze.umap" 505
